{
"contracts\\Shop.sol":{"l":{"27":3,"28":3,"29":3,"32":3,"53":5,"58":3,"59":2,"60":2,"65":9,"70":3,"71":2,"72":2,"77":11,"79":10,"84":10,"87":10,"90":10,"91":10,"92":2,"93":2,"96":10,"102":6,"105":5,"108":4,"114":3,"117":3,"118":3,"120":3,"125":7,"130":3,"131":2,"132":2,"137":3,"138":2,"139":1,"140":1,"145":2,"146":2,"147":2},"path":"Q:\\+\\Crypto\\React 2\\08 - ERC777\\contracts\\Shop.sol","s":{"1":3,"2":3,"3":5,"4":3,"5":2,"6":9,"7":3,"8":2,"9":11,"10":10,"11":10,"12":10,"13":10,"14":10,"15":2,"16":2,"17":10,"18":6,"19":5,"20":4,"21":3,"22":3,"23":3,"24":3,"25":7,"26":3,"27":2,"28":2,"29":3,"30":2,"31":1,"32":1,"33":2,"34":2,"35":2},"b":{"1":[3,1],"2":[2,1],"3":[3,1],"4":[2,1],"5":[10,1],"6":[10,0],"7":[2,8],"8":[2,0],"9":[5,1],"10":[4,1],"11":[3,1],"12":[3,0],"13":[7,0],"14":[3,1],"15":[2,1],"16":[3,1],"17":[2,1],"18":[1,1],"19":[2,0],"20":[2,0]},"f":{"1":3,"2":5,"3":5,"4":3,"5":9,"6":3,"7":11,"8":6,"9":7,"10":3,"11":3,"12":2},"fnMap":{"1":{"name":"constructor","line":26,"loc":{"start":{"line":26,"column":4},"end":{"line":37,"column":4}}},"2":{"name":"tokensReceived","line":40,"loc":{"start":{"line":40,"column":4},"end":{"line":49,"column":4}}},"3":{"name":"getTokenPriceForSell","line":52,"loc":{"start":{"line":52,"column":4},"end":{"line":54,"column":4}}},"4":{"name":"setTokenPriceForSell","line":57,"loc":{"start":{"line":57,"column":4},"end":{"line":61,"column":4}}},"5":{"name":"getTokenPriceForBuy","line":64,"loc":{"start":{"line":64,"column":4},"end":{"line":66,"column":4}}},"6":{"name":"setTokenPriceForBuy","line":69,"loc":{"start":{"line":69,"column":4},"end":{"line":73,"column":4}}},"7":{"name":"buyTokensFromShop","line":76,"loc":{"start":{"line":76,"column":4},"end":{"line":97,"column":4}}},"8":{"name":"sellTokensToShop","line":100,"loc":{"start":{"line":100,"column":4},"end":{"line":121,"column":4}}},"9":{"name":"getShopBalance","line":124,"loc":{"start":{"line":124,"column":4},"end":{"line":126,"column":4}}},"10":{"name":"mintToShop","line":129,"loc":{"start":{"line":129,"column":4},"end":{"line":133,"column":4}}},"11":{"name":"burnFromShop","line":136,"loc":{"start":{"line":136,"column":4},"end":{"line":141,"column":4}}},"12":{"name":"withdrawAll","line":144,"loc":{"start":{"line":144,"column":4},"end":{"line":148,"column":4}}}},"statementMap":{"1":{"start":{"line":27,"column":8},"end":{"line":27,"column":60}},"2":{"start":{"line":32,"column":8},"end":{"line":32,"column":1426}},"3":{"start":{"line":53,"column":8},"end":{"line":53,"column":33}},"4":{"start":{"line":58,"column":8},"end":{"line":58,"column":75}},"5":{"start":{"line":59,"column":8},"end":{"line":59,"column":85}},"6":{"start":{"line":65,"column":8},"end":{"line":65,"column":32}},"7":{"start":{"line":70,"column":8},"end":{"line":70,"column":74}},"8":{"start":{"line":71,"column":8},"end":{"line":71,"column":82}},"9":{"start":{"line":77,"column":8},"end":{"line":77,"column":81}},"10":{"start":{"line":79,"column":8},"end":{"line":79,"column":56}},"11":{"start":{"line":84,"column":8},"end":{"line":84,"column":138}},"12":{"start":{"line":87,"column":8},"end":{"line":87,"column":46}},"13":{"start":{"line":90,"column":8},"end":{"line":90,"column":65}},"14":{"start":{"line":91,"column":8},"end":{"line":91,"column":3802}},"15":{"start":{"line":92,"column":12},"end":{"line":92,"column":63}},"16":{"start":{"line":93,"column":12},"end":{"line":93,"column":75}},"17":{"start":{"line":96,"column":8},"end":{"line":96,"column":77}},"18":{"start":{"line":102,"column":8},"end":{"line":102,"column":76}},"19":{"start":{"line":105,"column":8},"end":{"line":105,"column":103}},"20":{"start":{"line":108,"column":8},"end":{"line":108,"column":109}},"21":{"start":{"line":114,"column":8},"end":{"line":114,"column":68}},"22":{"start":{"line":117,"column":8},"end":{"line":117,"column":82}},"23":{"start":{"line":118,"column":8},"end":{"line":118,"column":67}},"24":{"start":{"line":120,"column":8},"end":{"line":120,"column":74}},"25":{"start":{"line":125,"column":8},"end":{"line":125,"column":36}},"26":{"start":{"line":130,"column":8},"end":{"line":130,"column":83}},"27":{"start":{"line":131,"column":8},"end":{"line":131,"column":25}},"28":{"start":{"line":132,"column":8},"end":{"line":132,"column":42}},"29":{"start":{"line":137,"column":8},"end":{"line":137,"column":83}},"30":{"start":{"line":138,"column":8},"end":{"line":138,"column":104}},"31":{"start":{"line":139,"column":8},"end":{"line":139,"column":29}},"32":{"start":{"line":140,"column":8},"end":{"line":140,"column":42}},"33":{"start":{"line":145,"column":8},"end":{"line":145,"column":31}},"34":{"start":{"line":146,"column":8},"end":{"line":146,"column":71}},"35":{"start":{"line":147,"column":8},"end":{"line":147,"column":51}}},"branchMap":{"1":{"line":57,"type":"if","locations":[{"start":{"line":57,"column":68},"end":{"line":57,"column":68}},{"start":{"line":57,"column":68},"end":{"line":57,"column":68}}]},"2":{"line":58,"type":"if","locations":[{"start":{"line":58,"column":8},"end":{"line":58,"column":8}},{"start":{"line":58,"column":8},"end":{"line":58,"column":8}}]},"3":{"line":69,"type":"if","locations":[{"start":{"line":69,"column":66},"end":{"line":69,"column":66}},{"start":{"line":69,"column":66},"end":{"line":69,"column":66}}]},"4":{"line":70,"type":"if","locations":[{"start":{"line":70,"column":8},"end":{"line":70,"column":8}},{"start":{"line":70,"column":8},"end":{"line":70,"column":8}}]},"5":{"line":77,"type":"if","locations":[{"start":{"line":77,"column":8},"end":{"line":77,"column":8}},{"start":{"line":77,"column":8},"end":{"line":77,"column":8}}]},"6":{"line":84,"type":"if","locations":[{"start":{"line":84,"column":8},"end":{"line":84,"column":8}},{"start":{"line":84,"column":8},"end":{"line":84,"column":8}}]},"7":{"line":91,"type":"if","locations":[{"start":{"line":91,"column":8},"end":{"line":91,"column":8}},{"start":{"line":91,"column":8},"end":{"line":91,"column":8}}]},"8":{"line":93,"type":"if","locations":[{"start":{"line":93,"column":12},"end":{"line":93,"column":12}},{"start":{"line":93,"column":12},"end":{"line":93,"column":12}}]},"9":{"line":102,"type":"if","locations":[{"start":{"line":102,"column":8},"end":{"line":102,"column":8}},{"start":{"line":102,"column":8},"end":{"line":102,"column":8}}]},"10":{"line":105,"type":"if","locations":[{"start":{"line":105,"column":8},"end":{"line":105,"column":8}},{"start":{"line":105,"column":8},"end":{"line":105,"column":8}}]},"11":{"line":108,"type":"if","locations":[{"start":{"line":108,"column":8},"end":{"line":108,"column":8}},{"start":{"line":108,"column":8},"end":{"line":108,"column":8}}]},"12":{"line":118,"type":"if","locations":[{"start":{"line":118,"column":8},"end":{"line":118,"column":8}},{"start":{"line":118,"column":8},"end":{"line":118,"column":8}}]},"13":{"line":124,"type":"if","locations":[{"start":{"line":124,"column":42},"end":{"line":124,"column":42}},{"start":{"line":124,"column":42},"end":{"line":124,"column":42}}]},"14":{"line":129,"type":"if","locations":[{"start":{"line":129,"column":46},"end":{"line":129,"column":46}},{"start":{"line":129,"column":46},"end":{"line":129,"column":46}}]},"15":{"line":130,"type":"if","locations":[{"start":{"line":130,"column":8},"end":{"line":130,"column":8}},{"start":{"line":130,"column":8},"end":{"line":130,"column":8}}]},"16":{"line":136,"type":"if","locations":[{"start":{"line":136,"column":48},"end":{"line":136,"column":48}},{"start":{"line":136,"column":48},"end":{"line":136,"column":48}}]},"17":{"line":137,"type":"if","locations":[{"start":{"line":137,"column":8},"end":{"line":137,"column":8}},{"start":{"line":137,"column":8},"end":{"line":137,"column":8}}]},"18":{"line":138,"type":"if","locations":[{"start":{"line":138,"column":8},"end":{"line":138,"column":8}},{"start":{"line":138,"column":8},"end":{"line":138,"column":8}}]},"19":{"line":144,"type":"if","locations":[{"start":{"line":144,"column":34},"end":{"line":144,"column":34}},{"start":{"line":144,"column":34},"end":{"line":144,"column":34}}]},"20":{"line":147,"type":"if","locations":[{"start":{"line":147,"column":8},"end":{"line":147,"column":8}},{"start":{"line":147,"column":8},"end":{"line":147,"column":8}}]}}},
"contracts\\Token.sol":{"l":{"15":3,"19":2},"path":"Q:\\+\\Crypto\\React 2\\08 - ERC777\\contracts\\Token.sol","s":{"1":3,"2":2},"b":{"1":[2,0]},"f":{"1":3,"2":2},"fnMap":{"1":{"name":"constructor","line":14,"loc":{"start":{"line":9,"column":4},"end":{"line":16,"column":4}}},"2":{"name":"mint","line":18,"loc":{"start":{"line":18,"column":4},"end":{"line":20,"column":4}}}},"statementMap":{"1":{"start":{"line":15,"column":8},"end":{"line":15,"column":47}},"2":{"start":{"line":19,"column":8},"end":{"line":19,"column":41}}},"branchMap":{"1":{"line":18,"type":"if","locations":[{"start":{"line":18,"column":41},"end":{"line":18,"column":41}},{"start":{"line":18,"column":41},"end":{"line":18,"column":41}}]}}}}
