TN:
SF:Q:\+\Crypto\React 2\08 - ERC777\contracts\Shop.sol
FN:26,constructor
FN:40,tokensReceived
FN:52,getTokenPriceForSell
FN:57,setTokenPriceForSell
FN:64,getTokenPriceForBuy
FN:69,setTokenPriceForBuy
FN:76,buyTokensFromShop
FN:100,sellTokensToShop
FN:124,getShopBalance
FN:129,mintToShop
FN:136,burnFromShop
FN:144,withdrawAll
FNF:12
FNH:12
FNDA:3,constructor
FNDA:5,tokensReceived
FNDA:5,getTokenPriceForSell
FNDA:3,setTokenPriceForSell
FNDA:9,getTokenPriceForBuy
FNDA:3,setTokenPriceForBuy
FNDA:11,buyTokensFromShop
FNDA:6,sellTokensToShop
FNDA:7,getShopBalance
FNDA:3,mintToShop
FNDA:3,burnFromShop
FNDA:2,withdrawAll
DA:27,3
DA:28,3
DA:29,3
DA:32,3
DA:53,5
DA:58,3
DA:59,2
DA:60,2
DA:65,9
DA:70,3
DA:71,2
DA:72,2
DA:77,11
DA:79,10
DA:84,10
DA:87,10
DA:90,10
DA:91,10
DA:92,2
DA:93,2
DA:96,10
DA:102,6
DA:105,5
DA:108,4
DA:114,3
DA:117,3
DA:118,3
DA:120,3
DA:125,7
DA:130,3
DA:131,2
DA:132,2
DA:137,3
DA:138,2
DA:139,1
DA:140,1
DA:145,2
DA:146,2
DA:147,2
LF:39
LH:39
BRDA:57,1,0,3
BRDA:57,1,1,1
BRDA:58,2,0,2
BRDA:58,2,1,1
BRDA:69,3,0,3
BRDA:69,3,1,1
BRDA:70,4,0,2
BRDA:70,4,1,1
BRDA:77,5,0,10
BRDA:77,5,1,1
BRDA:84,6,0,10
BRDA:84,6,1,0
BRDA:91,7,0,2
BRDA:91,7,1,8
BRDA:93,8,0,2
BRDA:93,8,1,0
BRDA:102,9,0,5
BRDA:102,9,1,1
BRDA:105,10,0,4
BRDA:105,10,1,1
BRDA:108,11,0,3
BRDA:108,11,1,1
BRDA:118,12,0,3
BRDA:118,12,1,0
BRDA:124,13,0,7
BRDA:124,13,1,0
BRDA:129,14,0,3
BRDA:129,14,1,1
BRDA:130,15,0,2
BRDA:130,15,1,1
BRDA:136,16,0,3
BRDA:136,16,1,1
BRDA:137,17,0,2
BRDA:137,17,1,1
BRDA:138,18,0,1
BRDA:138,18,1,1
BRDA:144,19,0,2
BRDA:144,19,1,0
BRDA:147,20,0,2
BRDA:147,20,1,0
BRF:40
BRH:34
end_of_record
TN:
SF:Q:\+\Crypto\React 2\08 - ERC777\contracts\Token.sol
FN:14,constructor
FN:18,mint
FNF:2
FNH:2
FNDA:3,constructor
FNDA:2,mint
DA:15,3
DA:19,2
LF:2
LH:2
BRDA:18,1,0,2
BRDA:18,1,1,0
BRF:2
BRH:1
end_of_record
